Arguments: 
  C:\Program Files\nodejs\node.exe C:\Users\Administrator\AppData\Roaming\npm\node_modules\yarn\bin\yarn.js

PATH: 
  C:\Program Files\Git\mingw64\bin;C:\Program Files\Git\usr\bin;C:\Users\Administrator\bin;C:\Program Files\Docker\Docker\Resources\bin;C:\Program Files (x86)\Google\Chrome\Application;C:\Windows\system32;C:\Windows;C:\Windows\System32\Wbem;C:\Windows\System32\WindowsPowerShell\v1.0;C:\Program Files\Git\cmd;C:\Program Files\nodejs;C:\PostgreSQL\pg10\bin;C:\Program Files\Git\usr\bin;C:\ProgramData\chocolatey\bin;C:\Users\Administrator\AppData\Local\Microsoft\WindowsApps;C:\Users\Administrator\AppData\Local\Programs\Microsoft VS Code\bin;C:\Users\Administrator\AppData\Roaming\npm;C:\Program Files (x86)\Kubernetes\Minikube;C:\Users\Administrator\AppData\Local\Microsoft\WindowsApps;C:\Users\Administrator\AppData\Local\Programs\Microsoft VS Code\bin;C:\Users\Administrator\AppData\Roaming\npm

Yarn version: 
  1.13.0

Node version: 
  10.15.0

Platform: 
  win32 x64

Trace: 
  SyntaxError: D:\code\__ali\functionsAdater\package.json: Unexpected token / in JSON at position 512
      at JSON.parse (<anonymous>)
      at C:\Users\Administrator\AppData\Roaming\npm\node_modules\yarn\lib\cli.js:1625:59
      at Generator.next (<anonymous>)
      at step (C:\Users\Administrator\AppData\Roaming\npm\node_modules\yarn\lib\cli.js:304:30)
      at C:\Users\Administrator\AppData\Roaming\npm\node_modules\yarn\lib\cli.js:315:13

npm manifest: 
  {
      "name": "graphics-processing",
      "version": "1.0.0",
      "description": "",
      "main": "index.js",
      "license": "UNLICENSED",
      "dependencies": {
          "body": "^5.1.0",
          "jimp": "^0.3.5",
          "node-fetch": "^2.2.0",
          "raw-body": "^2.3.3"
      },
      "devDependencies": {
          "@types/node": "^10.7.0",
          "@types/node-fetch": "^2.1.2",
          "tslint": "^5.11.0",
          "tslint-config-airbnb": "^5.10.0",
          "typescript": "^3.0.1"
      },
      "scripts": {
          // "build:auto": "tsc -w",
          // "lint": "node node_modules/tslint/bin/tslint -t verbose -p tsconfig.json ",
          // "lint:fix": "node node_modules/tslint/bin/tslint -t verbose -c tslint.fix.json -p tsconfig.json --fix",
          // "lint:strict": "node node_modules/tslint/bin/tslint -t verbose -c tslint.strict.json"
      }
  }

yarn manifest: 
  No manifest

Lockfile: 
  No lockfile
